
Loading pages (1/6)
[>                                                           ] 0%
[======>                                                     ] 10%
QNetworkAccessFileBackendFactory: URL has no schema set, use file:// for files
QNetworkAccessFileBackendFactory: URL has no schema set, use file:// for files
QNetworkAccessFileBackendFactory: URL has no schema set, use file:// for files
QNetworkAccessFileBackendFactory: URL has no schema set, use file:// for files
QNetworkAccessFileBackendFactory: URL has no schema set, use file:// for files
QNetworkAccessFileBackendFactory: URL has no schema set, use file:// for files
QNetworkAccessFileBackendFactory: URL has no schema set, use file:// for files
QNetworkAccessFileBackendFactory: URL has no schema set, use file:// for files
QNetworkAccessFileBackendFactory: URL has no schema set, use file:// for files
QNetworkAccessFileBackendFactory: URL has no schema set, use file:// for files
QNetworkAccessFileBackendFactory: URL has no schema set, use file:// for files
QNetworkAccessFileBackendFactory: URL has no schema set, use file:// for files
[========>                                                   ] 14%
[=========>                                                  ] 16%
[===========>                                                ] 19%
[============>                                               ] 21%
[=============>                                              ] 23%
[===============>                                            ] 25%
[================>                                           ] 28%
[==================>                                         ] 30%
[===================>                                        ] 32%
[====================>                                       ] 34%
[======================>                                     ] 37%
[=======================>                                    ] 39%
[========================>                                   ] 41%
[=========================>                                  ] 43%
[===========================>                                ] 45%
[============================>                               ] 47%
Warning: Failed to load c:/Users/ncervera/Desktop/Espacio/Proyectos/sisolmar_web/public/images/huella_digital.png (ignore)
Warning: Failed to load c:/Users/ncervera/Desktop/Espacio/Proyectos/sisolmar_web/public/images/firma_jorge.png (ignore)
Warning: Failed to load c:/Users/ncervera/Desktop/Espacio/Proyectos/sisolmar_web/public/images/foto_dni.png (ignore)
Warning: Failed to load c:/Users/ncervera/Desktop/Espacio/Proyectos/sisolmar_web/public/images/firma_digital.png (ignore)
Warning: Failed to load https://i.ibb.co/h9qJKZ7/firma-ejemplo-1.png (ignore)
Warning: Failed to load https://i.ibb.co/hLMLCLB/firma-ejemplo-2.png (ignore)
[============================================================] 100%
Counting pages (2/6)                                               
[============================================================] Object 1 of 1
Resolving links (4/6)                                                       
[============================================================] Object 1 of 1
Loading headers and footers (5/6)                                           
Printing pages (6/6)
[>                                                           ] Preparing
[====>                                                       ] Page 1 of 14
[========>                                                   ] Page 2 of 14
[============>                                               ] Page 3 of 14
[================>                                           ] Page 4 of 14
[=====================>                                      ] Page 5 of 14
[=========================>                                  ] Page 6 of 14
[==============================>                             ] Page 7 of 14
[==================================>                         ] Page 8 of 14
[======================================>                     ] Page 9 of 14
[==========================================>                 ] Page 10 of 14
[==============================================>             ] Page 11 of 14
[===================================================>        ] Page 12 of 14
[=======================================================>    ] Page 13 of 14
[============================================================] Page 14 of 14
Done                                                                        

